<?xml version="1.0" encoding="UTF-8"?>
<testng-results skipped="0" failed="0" ignored="0" total="1" passed="1">
  <reporter-output>
  </reporter-output>
  <suite name="Default suite" duration-ms="38319" started-at="2019-09-25T09:31:33Z" finished-at="2019-09-25T09:32:11Z">
    <groups>
    </groups>
    <test name="Default test" duration-ms="38319" started-at="2019-09-25T09:31:33Z" finished-at="2019-09-25T09:32:11Z">
      <class name="com.courseworkframeworkweb.Actionclass">
        <test-method status="PASS" signature="basepageNavigation()[pri:0, instance:com.courseworkframeworkweb.Actionclass@39c0f4a]" name="basepageNavigation" duration-ms="38262" started-at="2019-09-25T09:31:33Z" finished-at="2019-09-25T09:32:11Z">
          <reporter-output>
          </reporter-output>
        </test-method> <!-- basepageNavigation -->
      </class> <!-- com.courseworkframeworkweb.Actionclass -->
    </test> <!-- Default test -->
  </suite> <!-- Default suite -->
</testng-results>
